Figwheel: focusing on build-ids (app)
[0mCompiling "resources/public/js/dev.js" from ["src/cljs" "src/cljc"]...
[32mSuccessfully compiled "resources/public/js/dev.js" in 0.161 seconds.[0m
notifying browser that file changed:  resources/public/js/out/goog/deps.js
notifying browser that file changed:  resources/public/js/out/cljs_deps.js
notifying browser that file changed:  /cljs_demo/state.js
notifying browser that file changed:  /cljs_demo/core.js
notifying browser that file changed:  /cljs_demo/app.js
[0mCompiling "resources/public/js/dev.js" from ["src/cljs" "src/cljc"]...
WARNING: todo at line 9 is being replaced at line 13 src/cljs/cljs_demo/app.cljs
WARNING: ->todo at line 9 is being replaced at line 13 src/cljs/cljs_demo/app.cljs
[32mSuccessfully compiled "resources/public/js/dev.js" in 1.072 seconds.[0m
notifying browser that file changed:  resources/public/js/out/cljs_deps.js
notifying browser that file changed:  /cljs_demo/app.js
[0mCompiling "resources/public/js/dev.js" from ["src/cljs" "src/cljc"]...
WARNING: todo at line 9 is being replaced at line 13 src/cljs/cljs_demo/app.cljs
WARNING: ->todo at line 9 is being replaced at line 13 src/cljs/cljs_demo/app.cljs
[32mSuccessfully compiled "resources/public/js/dev.js" in 0.531 seconds.[0m
notifying browser that file changed:  /cljs_demo/app.js
[0mCompiling "resources/public/js/dev.js" from ["src/cljs" "src/cljc"]...
[32mSuccessfully compiled "resources/public/js/dev.js" in 0.463 seconds.[0m
notifying browser that file changed:  resources/public/js/out/cljs_deps.js
notifying browser that file changed:  /cljs_demo/app.js
[0mCompiling "resources/public/js/dev.js" from ["src/cljs" "src/cljc"]...
[32mSuccessfully compiled "resources/public/js/dev.js" in 0.568 seconds.[0m
notifying browser that file changed:  /cljs_demo/app.js
[0mCompiling "resources/public/js/dev.js" from ["src/cljs" "src/cljc"]...
[32mSuccessfully compiled "resources/public/js/dev.js" in 0.348 seconds.[0m
notifying browser that file changed:  resources/public/js/out/cljs_deps.js
notifying browser that file changed:  /cljs_demo/app.js
[0mCompiling "resources/public/js/dev.js" from ["src/cljs" "src/cljc"]...
[32mSuccessfully compiled "resources/public/js/dev.js" in 0.312 seconds.[0m
notifying browser that file changed:  resources/public/js/out/cljs_deps.js
notifying browser that file changed:  /cljs_demo/app.js
